  RandomSolarSystem.cpp
D:\OneDrive\Documents\University Work\Year 3\Final Year Project\FYP\Final Year Project\RandomSolarSystem\RandomSolarSystem\PlanetClass.h(25,62): warning C4018: '<': signed/unsigned mismatch
D:\OneDrive\Documents\University Work\Year 3\Final Year Project\FYP\Final Year Project\RandomSolarSystem\RandomSolarSystem\PlanetClass.h(32,31): warning C4244: 'return': conversion from 'int' to 'float', possible loss of data
D:\OneDrive\Documents\University Work\Year 3\Final Year Project\FYP\Final Year Project\RandomSolarSystem\RandomSolarSystem\PlanetClass.h(33,55): warning C4244: '=': conversion from 'float' to 'int', possible loss of data
D:\OneDrive\Documents\University Work\Year 3\Final Year Project\FYP\Final Year Project\RandomSolarSystem\RandomSolarSystem\RandomSolarSystem.cpp(97,27): warning C4018: '<': signed/unsigned mismatch
D:\OneDrive\Documents\University Work\Year 3\Final Year Project\FYP\Final Year Project\RandomSolarSystem\RandomSolarSystem\RandomSolarSystem.cpp(115,41): warning C4244: 'argument': conversion from 'double' to 'float', possible loss of data
D:\OneDrive\Documents\University Work\Year 3\Final Year Project\FYP\Final Year Project\RandomSolarSystem\RandomSolarSystem\RandomSolarSystem.cpp(121,38): warning C4244: 'argument': conversion from 'double' to 'float', possible loss of data
D:\OneDrive\Documents\University Work\Year 3\Final Year Project\FYP\Final Year Project\RandomSolarSystem\RandomSolarSystem\RandomSolarSystem.cpp(135,27): warning C4018: '<': signed/unsigned mismatch
D:\OneDrive\Documents\University Work\Year 3\Final Year Project\FYP\Final Year Project\RandomSolarSystem\RandomSolarSystem\RandomSolarSystem.cpp(144,34): warning C4244: 'initializing': conversion from 'double' to 'int', possible loss of data
D:\OneDrive\Documents\University Work\Year 3\Final Year Project\FYP\Final Year Project\RandomSolarSystem\RandomSolarSystem\RandomSolarSystem.cpp(145,44): warning C4244: 'argument': conversion from 'int' to 'float', possible loss of data
D:\OneDrive\Documents\University Work\Year 3\Final Year Project\FYP\Final Year Project\RandomSolarSystem\RandomSolarSystem\RandomSolarSystem.cpp(155,30): warning C4244: 'initializing': conversion from 'double' to 'int', possible loss of data
D:\OneDrive\Documents\University Work\Year 3\Final Year Project\FYP\Final Year Project\RandomSolarSystem\RandomSolarSystem\RandomSolarSystem.cpp(156,40): warning C4244: 'argument': conversion from 'int' to 'float', possible loss of data
D:\OneDrive\Documents\University Work\Year 3\Final Year Project\FYP\Final Year Project\RandomSolarSystem\RandomSolarSystem\RandomSolarSystem.cpp(160,27): warning C4018: '<': signed/unsigned mismatch
D:\OneDrive\Documents\University Work\Year 3\Final Year Project\FYP\Final Year Project\RandomSolarSystem\RandomSolarSystem\RandomSolarSystem.cpp(179,57): warning C4244: 'argument': conversion from 'double' to 'float', possible loss of data
D:\OneDrive\Documents\University Work\Year 3\Final Year Project\FYP\Final Year Project\RandomSolarSystem\RandomSolarSystem\RandomSolarSystem.cpp(185,54): warning C4244: 'argument': conversion from 'double' to 'float', possible loss of data
D:\OneDrive\Documents\University Work\Year 3\Final Year Project\FYP\Final Year Project\RandomSolarSystem\RandomSolarSystem\RandomSolarSystem.cpp(202,27): warning C4018: '<': signed/unsigned mismatch
D:\OneDrive\Documents\University Work\Year 3\Final Year Project\FYP\Final Year Project\RandomSolarSystem\RandomSolarSystem\RandomSolarSystem.cpp(216,53): warning C4244: '+=': conversion from 'float' to 'int', possible loss of data
  Generating code
  Previous IPDB not found, fall back to full compilation.
  All 212 functions were compiled because no usable IPDB/IOBJ from previous compilation was found.
  Finished generating code
  RandomSolarSystem.vcxproj -> D:\OneDrive\Documents\University Work\Year 3\Final Year Project\FYP\Final Year Project\RandomSolarSystem\Release\RandomSolarSystem.exe
